<?xml version="1.0" encoding="UTF-8"?>
<testsuite xmlns:xsi="http://www.w3.org/2001/XMLSchema-instance" xsi:noNamespaceSchemaLocation="https://maven.apache.org/surefire/maven-surefire-plugin/xsd/surefire-test-report.xsd" name="TestSuite" time="3.59" tests="14" errors="0" skipped="0" failures="3">
  <properties>
    <property name="sun.desktop" value="windows"/>
    <property name="awt.toolkit" value="sun.awt.windows.WToolkit"/>
    <property name="file.encoding.pkg" value="sun.io"/>
    <property name="java.specification.version" value="1.8"/>
    <property name="sun.cpu.isalist" value="pentium_pro+mmx pentium_pro pentium+mmx pentium i486 i386 i86"/>
    <property name="sun.jnu.encoding" value="Cp1252"/>
    <property name="java.class.path" value="C:\Users\alessandra.paixao\eclipse-workspace\waes-Assignment\target\test-classes;C:\Users\alessandra.paixao\eclipse-workspace\waes-Assignment\target\classes;C:\Users\alessandra.paixao\.m2\repository\org\junit\jupiter\junit-jupiter-api\5.3.1\junit-jupiter-api-5.3.1.jar;C:\Users\alessandra.paixao\.m2\repository\org\apiguardian\apiguardian-api\1.0.0\apiguardian-api-1.0.0.jar;C:\Users\alessandra.paixao\.m2\repository\org\opentest4j\opentest4j\1.1.1\opentest4j-1.1.1.jar;C:\Users\alessandra.paixao\.m2\repository\org\junit\platform\junit-platform-commons\1.3.1\junit-platform-commons-1.3.1.jar;C:\Users\alessandra.paixao\.m2\repository\org\hamcrest\hamcrest-all\1.3\hamcrest-all-1.3.jar;C:\Users\alessandra.paixao\.m2\repository\io\rest-assured\rest-assured\3.1.1\rest-assured-3.1.1.jar;C:\Users\alessandra.paixao\.m2\repository\org\codehaus\groovy\groovy\2.4.12\groovy-2.4.12.jar;C:\Users\alessandra.paixao\.m2\repository\org\codehaus\groovy\groovy-xml\2.4.12\groovy-xml-2.4.12.jar;C:\Users\alessandra.paixao\.m2\repository\org\apache\httpcomponents\httpclient\4.5.3\httpclient-4.5.3.jar;C:\Users\alessandra.paixao\.m2\repository\org\apache\httpcomponents\httpcore\4.4.6\httpcore-4.4.6.jar;C:\Users\alessandra.paixao\.m2\repository\commons-logging\commons-logging\1.2\commons-logging-1.2.jar;C:\Users\alessandra.paixao\.m2\repository\commons-codec\commons-codec\1.9\commons-codec-1.9.jar;C:\Users\alessandra.paixao\.m2\repository\org\apache\httpcomponents\httpmime\4.5.1\httpmime-4.5.1.jar;C:\Users\alessandra.paixao\.m2\repository\org\hamcrest\hamcrest-core\1.3\hamcrest-core-1.3.jar;C:\Users\alessandra.paixao\.m2\repository\org\hamcrest\hamcrest-library\1.3\hamcrest-library-1.3.jar;C:\Users\alessandra.paixao\.m2\repository\org\ccil\cowan\tagsoup\tagsoup\1.2.1\tagsoup-1.2.1.jar;C:\Users\alessandra.paixao\.m2\repository\io\rest-assured\json-path\3.1.1\json-path-3.1.1.jar;C:\Users\alessandra.paixao\.m2\repository\org\codehaus\groovy\groovy-json\2.4.12\groovy-json-2.4.12.jar;C:\Users\alessandra.paixao\.m2\repository\io\rest-assured\rest-assured-common\3.1.1\rest-assured-common-3.1.1.jar;C:\Users\alessandra.paixao\.m2\repository\io\rest-assured\xml-path\3.1.1\xml-path-3.1.1.jar;C:\Users\alessandra.paixao\.m2\repository\org\apache\commons\commons-lang3\3.4\commons-lang3-3.4.jar;C:\Users\alessandra.paixao\.m2\repository\javax\xml\bind\jaxb-api\2.2.12\jaxb-api-2.2.12.jar;C:\Users\alessandra.paixao\.m2\repository\com\github\fge\json-schema-validator\2.2.6\json-schema-validator-2.2.6.jar;C:\Users\alessandra.paixao\.m2\repository\com\google\code\findbugs\jsr305\3.0.0\jsr305-3.0.0.jar;C:\Users\alessandra.paixao\.m2\repository\joda-time\joda-time\2.3\joda-time-2.3.jar;C:\Users\alessandra.paixao\.m2\repository\com\googlecode\libphonenumber\libphonenumber\6.2\libphonenumber-6.2.jar;C:\Users\alessandra.paixao\.m2\repository\com\github\fge\json-schema-core\1.2.5\json-schema-core-1.2.5.jar;C:\Users\alessandra.paixao\.m2\repository\com\github\fge\uri-template\0.9\uri-template-0.9.jar;C:\Users\alessandra.paixao\.m2\repository\com\github\fge\msg-simple\1.1\msg-simple-1.1.jar;C:\Users\alessandra.paixao\.m2\repository\com\github\fge\btf\1.2\btf-1.2.jar;C:\Users\alessandra.paixao\.m2\repository\com\google\guava\guava\16.0.1\guava-16.0.1.jar;C:\Users\alessandra.paixao\.m2\repository\com\github\fge\jackson-coreutils\1.8\jackson-coreutils-1.8.jar;C:\Users\alessandra.paixao\.m2\repository\com\fasterxml\jackson\core\jackson-databind\2.2.3\jackson-databind-2.2.3.jar;C:\Users\alessandra.paixao\.m2\repository\com\fasterxml\jackson\core\jackson-annotations\2.2.3\jackson-annotations-2.2.3.jar;C:\Users\alessandra.paixao\.m2\repository\com\fasterxml\jackson\core\jackson-core\2.2.3\jackson-core-2.2.3.jar;C:\Users\alessandra.paixao\.m2\repository\org\mozilla\rhino\1.7R4\rhino-1.7R4.jar;C:\Users\alessandra.paixao\.m2\repository\javax\mail\mailapi\1.4.3\mailapi-1.4.3.jar;C:\Users\alessandra.paixao\.m2\repository\javax\activation\activation\1.1\activation-1.1.jar;C:\Users\alessandra.paixao\.m2\repository\net\sf\jopt-simple\jopt-simple\4.6\jopt-simple-4.6.jar;C:\Users\alessandra.paixao\.m2\repository\info\cukes\cucumber-testng\1.2.5\cucumber-testng-1.2.5.jar;C:\Users\alessandra.paixao\.m2\repository\info\cukes\cucumber-core\1.2.5\cucumber-core-1.2.5.jar;C:\Users\alessandra.paixao\.m2\repository\info\cukes\cucumber-html\0.2.3\cucumber-html-0.2.3.jar;C:\Users\alessandra.paixao\.m2\repository\info\cukes\cucumber-jvm-deps\1.0.5\cucumber-jvm-deps-1.0.5.jar;C:\Users\alessandra.paixao\.m2\repository\info\cukes\gherkin\2.12.2\gherkin-2.12.2.jar;C:\Users\alessandra.paixao\.m2\repository\org\testng\testng\6.14.3\testng-6.14.3.jar;C:\Users\alessandra.paixao\.m2\repository\com\beust\jcommander\1.72\jcommander-1.72.jar;C:\Users\alessandra.paixao\.m2\repository\org\apache-extras\beanshell\bsh\2.0b6\bsh-2.0b6.jar;C:\Users\alessandra.paixao\.m2\repository\com\aventstack\extentreports\3.1.5\extentreports-3.1.5.jar;C:\Users\alessandra.paixao\.m2\repository\org\freemarker\freemarker\2.3.23\freemarker-2.3.23.jar;C:\Users\alessandra.paixao\.m2\repository\org\mongodb\mongodb-driver\3.3.0\mongodb-driver-3.3.0.jar;C:\Users\alessandra.paixao\.m2\repository\org\mongodb\bson\3.3.0\bson-3.3.0.jar;C:\Users\alessandra.paixao\.m2\repository\org\mongodb\mongodb-driver-core\3.3.0\mongodb-driver-core-3.3.0.jar;C:\Users\alessandra.paixao\.m2\repository\org\jsoup\jsoup\1.9.2\jsoup-1.9.2.jar;C:\Users\alessandra.paixao\.m2\repository\com\google\code\gson\gson\2.8.0\gson-2.8.0.jar;C:\Users\alessandra.paixao\.m2\repository\com\jayway\restassured\rest-assured\2.3.4\rest-assured-2.3.4.jar;C:\Users\alessandra.paixao\.m2\repository\com\jayway\restassured\json-path\2.3.4\json-path-2.3.4.jar;C:\Users\alessandra.paixao\.m2\repository\com\jayway\restassured\rest-assured-common\2.3.4\rest-assured-common-2.3.4.jar;C:\Users\alessandra.paixao\.m2\repository\com\jayway\restassured\xml-path\2.3.4\xml-path-2.3.4.jar;C:\Users\alessandra.paixao\.m2\repository\org\json\json\20180813\json-20180813.jar;C:\Users\alessandra.paixao\.m2\repository\com\googlecode\json-simple\json-simple\1.1.1\json-simple-1.1.1.jar;C:\Users\alessandra.paixao\.m2\repository\junit\junit\4.10\junit-4.10.jar;C:\Users\alessandra.paixao\.m2\repository\org\codehaus\groovy\groovy-all\2.3.5\groovy-all-2.3.5.jar;C:\Users\alessandra.paixao\.m2\repository\org\apache\maven\surefire\surefire-testng-utils\2.20.1\surefire-testng-utils-2.20.1.jar;C:\Users\alessandra.paixao\.m2\repository\org\apache\maven\surefire\surefire-grouper\2.20.1\surefire-grouper-2.20.1.jar;"/>
    <property name="java.vm.vendor" value="Oracle Corporation"/>
    <property name="sun.arch.data.model" value="32"/>
    <property name="user.variant" value=""/>
    <property name="java.vendor.url" value="http://java.oracle.com/"/>
    <property name="user.timezone" value=""/>
    <property name="user.country.format" value="BR"/>
    <property name="java.vm.specification.version" value="1.8"/>
    <property name="os.name" value="Windows 10"/>
    <property name="user.country" value="GB"/>
    <property name="sun.java.launcher" value="SUN_STANDARD"/>
    <property name="sun.boot.library.path" value="C:\Program Files (x86)\Java\jdk1.8.0_144\jre\bin"/>
    <property name="sun.java.command" value="C:\Users\ALESSA~1.PAI\AppData\Local\Temp\surefire1691525059492087273\surefirebooter2972659839220699967.jar C:\Users\alessandra.paixao\AppData\Local\Temp\surefire1691525059492087273 2018-09-20T20-59-46_863-jvmRun1 surefire7040075976466747236tmp surefire_02009383882954391738tmp"/>
    <property name="surefire.test.class.path" value="C:\Users\alessandra.paixao\eclipse-workspace\waes-Assignment\target\test-classes;C:\Users\alessandra.paixao\eclipse-workspace\waes-Assignment\target\classes;C:\Users\alessandra.paixao\.m2\repository\org\junit\jupiter\junit-jupiter-api\5.3.1\junit-jupiter-api-5.3.1.jar;C:\Users\alessandra.paixao\.m2\repository\org\apiguardian\apiguardian-api\1.0.0\apiguardian-api-1.0.0.jar;C:\Users\alessandra.paixao\.m2\repository\org\opentest4j\opentest4j\1.1.1\opentest4j-1.1.1.jar;C:\Users\alessandra.paixao\.m2\repository\org\junit\platform\junit-platform-commons\1.3.1\junit-platform-commons-1.3.1.jar;C:\Users\alessandra.paixao\.m2\repository\org\hamcrest\hamcrest-all\1.3\hamcrest-all-1.3.jar;C:\Users\alessandra.paixao\.m2\repository\io\rest-assured\rest-assured\3.1.1\rest-assured-3.1.1.jar;C:\Users\alessandra.paixao\.m2\repository\org\codehaus\groovy\groovy\2.4.12\groovy-2.4.12.jar;C:\Users\alessandra.paixao\.m2\repository\org\codehaus\groovy\groovy-xml\2.4.12\groovy-xml-2.4.12.jar;C:\Users\alessandra.paixao\.m2\repository\org\apache\httpcomponents\httpclient\4.5.3\httpclient-4.5.3.jar;C:\Users\alessandra.paixao\.m2\repository\org\apache\httpcomponents\httpcore\4.4.6\httpcore-4.4.6.jar;C:\Users\alessandra.paixao\.m2\repository\commons-logging\commons-logging\1.2\commons-logging-1.2.jar;C:\Users\alessandra.paixao\.m2\repository\commons-codec\commons-codec\1.9\commons-codec-1.9.jar;C:\Users\alessandra.paixao\.m2\repository\org\apache\httpcomponents\httpmime\4.5.1\httpmime-4.5.1.jar;C:\Users\alessandra.paixao\.m2\repository\org\hamcrest\hamcrest-core\1.3\hamcrest-core-1.3.jar;C:\Users\alessandra.paixao\.m2\repository\org\hamcrest\hamcrest-library\1.3\hamcrest-library-1.3.jar;C:\Users\alessandra.paixao\.m2\repository\org\ccil\cowan\tagsoup\tagsoup\1.2.1\tagsoup-1.2.1.jar;C:\Users\alessandra.paixao\.m2\repository\io\rest-assured\json-path\3.1.1\json-path-3.1.1.jar;C:\Users\alessandra.paixao\.m2\repository\org\codehaus\groovy\groovy-json\2.4.12\groovy-json-2.4.12.jar;C:\Users\alessandra.paixao\.m2\repository\io\rest-assured\rest-assured-common\3.1.1\rest-assured-common-3.1.1.jar;C:\Users\alessandra.paixao\.m2\repository\io\rest-assured\xml-path\3.1.1\xml-path-3.1.1.jar;C:\Users\alessandra.paixao\.m2\repository\org\apache\commons\commons-lang3\3.4\commons-lang3-3.4.jar;C:\Users\alessandra.paixao\.m2\repository\javax\xml\bind\jaxb-api\2.2.12\jaxb-api-2.2.12.jar;C:\Users\alessandra.paixao\.m2\repository\com\github\fge\json-schema-validator\2.2.6\json-schema-validator-2.2.6.jar;C:\Users\alessandra.paixao\.m2\repository\com\google\code\findbugs\jsr305\3.0.0\jsr305-3.0.0.jar;C:\Users\alessandra.paixao\.m2\repository\joda-time\joda-time\2.3\joda-time-2.3.jar;C:\Users\alessandra.paixao\.m2\repository\com\googlecode\libphonenumber\libphonenumber\6.2\libphonenumber-6.2.jar;C:\Users\alessandra.paixao\.m2\repository\com\github\fge\json-schema-core\1.2.5\json-schema-core-1.2.5.jar;C:\Users\alessandra.paixao\.m2\repository\com\github\fge\uri-template\0.9\uri-template-0.9.jar;C:\Users\alessandra.paixao\.m2\repository\com\github\fge\msg-simple\1.1\msg-simple-1.1.jar;C:\Users\alessandra.paixao\.m2\repository\com\github\fge\btf\1.2\btf-1.2.jar;C:\Users\alessandra.paixao\.m2\repository\com\google\guava\guava\16.0.1\guava-16.0.1.jar;C:\Users\alessandra.paixao\.m2\repository\com\github\fge\jackson-coreutils\1.8\jackson-coreutils-1.8.jar;C:\Users\alessandra.paixao\.m2\repository\com\fasterxml\jackson\core\jackson-databind\2.2.3\jackson-databind-2.2.3.jar;C:\Users\alessandra.paixao\.m2\repository\com\fasterxml\jackson\core\jackson-annotations\2.2.3\jackson-annotations-2.2.3.jar;C:\Users\alessandra.paixao\.m2\repository\com\fasterxml\jackson\core\jackson-core\2.2.3\jackson-core-2.2.3.jar;C:\Users\alessandra.paixao\.m2\repository\org\mozilla\rhino\1.7R4\rhino-1.7R4.jar;C:\Users\alessandra.paixao\.m2\repository\javax\mail\mailapi\1.4.3\mailapi-1.4.3.jar;C:\Users\alessandra.paixao\.m2\repository\javax\activation\activation\1.1\activation-1.1.jar;C:\Users\alessandra.paixao\.m2\repository\net\sf\jopt-simple\jopt-simple\4.6\jopt-simple-4.6.jar;C:\Users\alessandra.paixao\.m2\repository\info\cukes\cucumber-testng\1.2.5\cucumber-testng-1.2.5.jar;C:\Users\alessandra.paixao\.m2\repository\info\cukes\cucumber-core\1.2.5\cucumber-core-1.2.5.jar;C:\Users\alessandra.paixao\.m2\repository\info\cukes\cucumber-html\0.2.3\cucumber-html-0.2.3.jar;C:\Users\alessandra.paixao\.m2\repository\info\cukes\cucumber-jvm-deps\1.0.5\cucumber-jvm-deps-1.0.5.jar;C:\Users\alessandra.paixao\.m2\repository\info\cukes\gherkin\2.12.2\gherkin-2.12.2.jar;C:\Users\alessandra.paixao\.m2\repository\org\testng\testng\6.14.3\testng-6.14.3.jar;C:\Users\alessandra.paixao\.m2\repository\com\beust\jcommander\1.72\jcommander-1.72.jar;C:\Users\alessandra.paixao\.m2\repository\org\apache-extras\beanshell\bsh\2.0b6\bsh-2.0b6.jar;C:\Users\alessandra.paixao\.m2\repository\com\aventstack\extentreports\3.1.5\extentreports-3.1.5.jar;C:\Users\alessandra.paixao\.m2\repository\org\freemarker\freemarker\2.3.23\freemarker-2.3.23.jar;C:\Users\alessandra.paixao\.m2\repository\org\mongodb\mongodb-driver\3.3.0\mongodb-driver-3.3.0.jar;C:\Users\alessandra.paixao\.m2\repository\org\mongodb\bson\3.3.0\bson-3.3.0.jar;C:\Users\alessandra.paixao\.m2\repository\org\mongodb\mongodb-driver-core\3.3.0\mongodb-driver-core-3.3.0.jar;C:\Users\alessandra.paixao\.m2\repository\org\jsoup\jsoup\1.9.2\jsoup-1.9.2.jar;C:\Users\alessandra.paixao\.m2\repository\com\google\code\gson\gson\2.8.0\gson-2.8.0.jar;C:\Users\alessandra.paixao\.m2\repository\com\jayway\restassured\rest-assured\2.3.4\rest-assured-2.3.4.jar;C:\Users\alessandra.paixao\.m2\repository\com\jayway\restassured\json-path\2.3.4\json-path-2.3.4.jar;C:\Users\alessandra.paixao\.m2\repository\com\jayway\restassured\rest-assured-common\2.3.4\rest-assured-common-2.3.4.jar;C:\Users\alessandra.paixao\.m2\repository\com\jayway\restassured\xml-path\2.3.4\xml-path-2.3.4.jar;C:\Users\alessandra.paixao\.m2\repository\org\json\json\20180813\json-20180813.jar;C:\Users\alessandra.paixao\.m2\repository\com\googlecode\json-simple\json-simple\1.1.1\json-simple-1.1.1.jar;C:\Users\alessandra.paixao\.m2\repository\junit\junit\4.10\junit-4.10.jar;C:\Users\alessandra.paixao\.m2\repository\org\codehaus\groovy\groovy-all\2.3.5\groovy-all-2.3.5.jar;C:\Users\alessandra.paixao\.m2\repository\org\apache\maven\surefire\surefire-testng-utils\2.20.1\surefire-testng-utils-2.20.1.jar;C:\Users\alessandra.paixao\.m2\repository\org\apache\maven\surefire\surefire-grouper\2.20.1\surefire-grouper-2.20.1.jar;"/>
    <property name="sun.cpu.endian" value="little"/>
    <property name="user.home" value="C:\Users\alessandra.paixao"/>
    <property name="user.language" value="en"/>
    <property name="java.specification.vendor" value="Oracle Corporation"/>
    <property name="java.home" value="C:\Program Files (x86)\Java\jdk1.8.0_144\jre"/>
    <property name="basedir" value="C:\Users\alessandra.paixao\eclipse-workspace\waes-Assignment"/>
    <property name="file.separator" value="\"/>
    <property name="line.separator" value="&#10;"/>
    <property name="java.vm.specification.vendor" value="Oracle Corporation"/>
    <property name="java.specification.name" value="Java Platform API Specification"/>
    <property name="java.awt.graphicsenv" value="sun.awt.Win32GraphicsEnvironment"/>
    <property name="surefire.real.class.path" value="C:\Users\ALESSA~1.PAI\AppData\Local\Temp\surefire1691525059492087273\surefirebooter2972659839220699967.jar"/>
    <property name="sun.boot.class.path" value="C:\Program Files (x86)\Java\jdk1.8.0_144\jre\lib\resources.jar;C:\Program Files (x86)\Java\jdk1.8.0_144\jre\lib\rt.jar;C:\Program Files (x86)\Java\jdk1.8.0_144\jre\lib\sunrsasign.jar;C:\Program Files (x86)\Java\jdk1.8.0_144\jre\lib\jsse.jar;C:\Program Files (x86)\Java\jdk1.8.0_144\jre\lib\jce.jar;C:\Program Files (x86)\Java\jdk1.8.0_144\jre\lib\charsets.jar;C:\Program Files (x86)\Java\jdk1.8.0_144\jre\lib\jfr.jar;C:\Program Files (x86)\Java\jdk1.8.0_144\jre\classes"/>
    <property name="user.script" value=""/>
    <property name="sun.management.compiler" value="HotSpot Client Compiler"/>
    <property name="java.runtime.version" value="1.8.0_144-b01"/>
    <property name="user.name" value="alessandra.paixao"/>
    <property name="path.separator" value=";"/>
    <property name="os.version" value="10.0"/>
    <property name="java.endorsed.dirs" value="C:\Program Files (x86)\Java\jdk1.8.0_144\jre\lib\endorsed"/>
    <property name="java.runtime.name" value="Java(TM) SE Runtime Environment"/>
    <property name="file.encoding" value="Cp1252"/>
    <property name="java.vm.name" value="Java HotSpot(TM) Client VM"/>
    <property name="localRepository" value="C:\Users\alessandra.paixao\.m2\repository"/>
    <property name="java.vendor.url.bug" value="http://bugreport.sun.com/bugreport/"/>
    <property name="java.io.tmpdir" value="C:\Users\ALESSA~1.PAI\AppData\Local\Temp\"/>
    <property name="java.version" value="1.8.0_144"/>
    <property name="user.dir" value="C:\Users\alessandra.paixao\eclipse-workspace\waes-Assignment"/>
    <property name="os.arch" value="x86"/>
    <property name="java.vm.specification.name" value="Java Virtual Machine Specification"/>
    <property name="java.awt.printerjob" value="sun.awt.windows.WPrinterJob"/>
    <property name="user.language.format" value="pt"/>
    <property name="sun.os.patch.level" value=""/>
    <property name="java.library.path" value="C:\Program Files (x86)\Java\jdk1.8.0_144\jre\bin;C:\Windows\Sun\Java\bin;C:\Windows\system32;C:\Windows;C:\Program Files (x86)\Common Files\Oracle\Java\javapath;C:\ProgramData\Oracle\Java\javapath;C:\Windows\system32;C:\Windows;C:\Windows\System32\Wbem;C:\Windows\System32\WindowsPowerShell\v1.0\;C:\Users\alessandra.paixao\apache-maven-3.5.4\bin;C:\Users\alessandra.paixao\apache-maven-3.5.4\bin;C:\Users\alessandra.paixao\AppData\Local\Microsoft\WindowsApps;C:\Program Files (x86)\Java\jdk1.8.0_144/bin;."/>
    <property name="java.vm.info" value="mixed mode, sharing"/>
    <property name="java.vendor" value="Oracle Corporation"/>
    <property name="java.vm.version" value="25.144-b01"/>
    <property name="java.ext.dirs" value="C:\Program Files (x86)\Java\jdk1.8.0_144\jre\lib\ext;C:\Windows\Sun\Java\lib\ext"/>
    <property name="sun.io.unicode.encoding" value="UnicodeLittle"/>
    <property name="java.class.version" value="52.0"/>
  </properties>
  <testcase name="sendPostReturns200" classname="alessandra.assignment.waesAssignment.tests.SmokeTests" time="1.78"/>
  <testcase name="sendGetToNotAddedIDReturns404" classname="alessandra.assignment.waesAssignment.tests.SmokeTests" time="0.031"/>
  <testcase name="sendGetToBaseURLReturns200" classname="alessandra.assignment.waesAssignment.tests.SmokeTests" time="0.036"/>
  <testcase name="validateDiffCharsAndLengthReturnForLeftRigthPost" classname="alessandra.assignment.waesAssignment.tests.EndToEndTest" time="0.277"/>
  <testcase name="validateDiffCharsReturnForLeftRigthPost" classname="alessandra.assignment.waesAssignment.tests.EndToEndTest" time="0.048"/>
  <testcase name="validateDiffLengthReturnForLeftRigthPost" classname="alessandra.assignment.waesAssignment.tests.EndToEndTest" time="0.111">
    <failure message="&#10;Reponse Body: {&quot;detail&quot;:&quot;Values are different on char(s) [2] [6].&quot;,&quot;type&quot;:&quot;DIFFERENT_CHARS&quot;} expected [{&quot;type&quot;:&quot;DIFFERENT_LENGTH&quot;}] but found [{&quot;detail&quot;:&quot;Values are different on char(s) [2] [6].&quot;,&quot;type&quot;:&quot;DIFFERENT_CHARS&quot;}]" type="java.lang.AssertionError">java.lang.AssertionError: 

Reponse Body: {"detail":"Values are different on char(s) [2] [6].","type":"DIFFERENT_CHARS"} expected [{"type":"DIFFERENT_LENGTH"}] but found [{"detail":"Values are different on char(s) [2] [6].","type":"DIFFERENT_CHARS"}]
	at alessandra.assignment.waesAssignment.tests.EndToEndTest.validateDiffLengthReturnForLeftRigthPost(EndToEndTest.java:128)
</failure>
    <system-out><![CDATA[
GET Url: http://localhost:8081/diffassign/v1/diff/19/left
Expected Response: 
{"errorMessage":"ID 1 not initialized.","errorCode":404}]]></system-out>
  </testcase>
  <testcase name="validateGetIdNotInitializedResponseMessage" classname="alessandra.assignment.waesAssignment.tests.ErrorMessages" time="0.092"/>
  <testcase name="validateEqualReturnForLeftRigthPost" classname="alessandra.assignment.waesAssignment.tests.EndToEndTest" time="0.097"/>
  <testcase name="validateGetNullLeft" classname="alessandra.assignment.waesAssignment.tests.ErrorMessages" time="0.103">
    <failure message="expected [{&quot;detail&quot;:&quot;Left side contains no value.&quot;,&quot;type&quot;:&quot;DIFFERENT_LENGTH&quot;}] but found [{&quot;type&quot;:&quot;EQUAL&quot;}]" type="java.lang.AssertionError">java.lang.AssertionError: expected [{"detail":"Left side contains no value.","type":"DIFFERENT_LENGTH"}] but found [{"type":"EQUAL"}]
	at alessandra.assignment.waesAssignment.tests.ErrorMessages.validateGetNullLeft(ErrorMessages.java:227)
</failure>
  </testcase>
  <testcase name="validateGetNullRight" classname="alessandra.assignment.waesAssignment.tests.ErrorMessages" time="0.038">
    <failure message=" HTTP error code : 204" type="java.lang.RuntimeException">java.lang.RuntimeException:  HTTP error code : 204
	at alessandra.assignment.waesAssignment.tests.ErrorMessages.validateGetNullRight(ErrorMessages.java:177)
</failure>
  </testcase>
  <testcase name="validatePostNotOnJsonFormatResponseCode" classname="alessandra.assignment.waesAssignment.tests.ErrorMessages" time="0.09"/>
  <testcase name="validatePostDataNotInBase64Response" classname="alessandra.assignment.waesAssignment.tests.ErrorMessages" time="0.103"/>
  <testcase name="validatePostEmptyBody400message" classname="alessandra.assignment.waesAssignment.tests.ErrorMessages" time="0.134"/>
  <testcase name="validatePostSideNotSupported501message" classname="alessandra.assignment.waesAssignment.tests.ErrorMessages" time="0.23"/>
</testsuite>