<?xml version="1.0" encoding="UTF-8"?>
<!-- Generated by org.testng.reporters.JUnitReportReporter -->
<testsuite skipped="0" hostname="ecrnt-100425" name="alessandra.assignment.waesAssignment.tests.SmokeTests" tests="3" failures="0" timestamp="20 Sep 2018 23:03:55 GMT" time="5.644" errors="0">
  <testcase name="sendGetToNotAddedIDReturns404" time="1.758" classname="alessandra.assignment.waesAssignment.tests.SmokeTests"/>
  <testcase name="sendGetToBaseURLReturns200" time="1.756" classname="alessandra.assignment.waesAssignment.tests.SmokeTests"/>
  <testcase name="sendPostReturns200" time="2.130" classname="alessandra.assignment.waesAssignment.tests.SmokeTests"/>
</testsuite> <!-- alessandra.assignment.waesAssignment.tests.SmokeTests -->
