<?xml version="1.0" encoding="UTF-8"?>
<!-- Generated by org.testng.reporters.JUnitReportReporter -->
<testsuite skipped="0" hostname="ecrnt-100425" name="alessandra.assignment.waesAssignment.tests.EndToEndTest" tests="4" failures="0" timestamp="20 Sep 2018 23:03:55 GMT" time="1.413" errors="0">
  <testcase name="validateEqualReturnForLeftRigthPost" time="0.334" classname="alessandra.assignment.waesAssignment.tests.EndToEndTest"/>
  <testcase name="validateDiffLengthReturnForLeftRigthPost" time="0.401" classname="alessandra.assignment.waesAssignment.tests.EndToEndTest"/>
  <testcase name="validateDiffCharsAndLengthReturnForLeftRigthPost" time="0.410" classname="alessandra.assignment.waesAssignment.tests.EndToEndTest"/>
  <testcase name="validateDiffCharsReturnForLeftRigthPost" time="0.268" classname="alessandra.assignment.waesAssignment.tests.EndToEndTest"/>
</testsuite> <!-- alessandra.assignment.waesAssignment.tests.EndToEndTest -->
